<?xml version="1.0" encoding="UTF-8"?>
<testsuites>
  <testsuite name="performing_a_yahoo_search1" timestamp="2019-01-02T21:29:23" time="7.105" tests="0" failures="0" errors="0" skipped="0">
    <properties>
      <property name="specId" value="6bf24e554b31c754a3512696514b2b89"/>
      <property name="suiteName" value="Performing a Yahoo Search1"/>
      <property name="capabilities" value="chrome"/>
    </properties>
  </testsuite>
  <testsuite name="performing_a_search_operation11" timestamp="2019-01-02T21:29:23" time="3.912" tests="4" failures="0" errors="0" skipped="0">
    <properties>
      <property name="specId" value="6bf24e554b31c754a3512696514b2b89"/>
      <property name="suiteName" value="Performing a search operation11"/>
      <property name="capabilities" value="chrome"/>
    </properties>
    <testcase classname="chrome.Performing a search operation11" name="I am on the search page9" time="7.389"/>
    <testcase classname="chrome.Performing a search operation11" name="I enter &quot;Selenium Webdriver&quot; into the search box12" time="5.349"/>
    <testcase classname="chrome.Performing a search operation11" name="I click the search button13" time="4.946"/>
    <testcase classname="chrome.Performing a search operation11" name="I should see a list of search results14" time="3.703"/>
  </testsuite>
  <testsuite name="performing_a_search_operation_with_passing_test_data_as_data_table23" timestamp="2019-01-02T21:29:27" time="3.154" tests="4" failures="0" errors="0" skipped="0">
    <properties>
      <property name="specId" value="6bf24e554b31c754a3512696514b2b89"/>
      <property name="suiteName" value="Performing a search operation with passing test data as data table23"/>
      <property name="capabilities" value="chrome"/>
    </properties>
    <testcase classname="chrome.Performing a search operation with passing test data as data table23" name="I am on the search page9" time="3.46"/>
    <testcase classname="chrome.Performing a search operation with passing test data as data table23" name="I enter &quot;Selenium Webdriver&quot; into the search box17" time="1.513"/>
    <testcase classname="chrome.Performing a search operation with passing test data as data table23" name="I click the search button18" time="1.334"/>
    <testcase classname="chrome.Performing a search operation with passing test data as data table23" name="I should see a list of search results19" time="0.454"/>
  </testsuite>
</testsuites>